<?xml version="1.0" encoding="UTF-8"?>
<!-- Generated by org.testng.reporters.JUnitReportReporter -->
<testsuite hostname="Ahmednaser-pc" failures="0" tests="1" name="Tests.Checkouttest" time="28.175" errors="0" timestamp="2022-08-26T04:13:27 EET" skipped="0">
  <testcase classname="Tests.Checkouttest" name="BuyaDress" time="28.175"/>
  <system-out/>
</testsuite> <!-- Tests.Checkouttest -->
