<?xml version="1.0" encoding="UTF-8"?>
<!-- Generated by org.testng.reporters.JUnitReportReporter -->
<testsuite hostname="Ahmednaser-pc" failures="0" tests="1" name="Tests.Profiletest" time="11.434" errors="0" timestamp="2022-08-26T04:16:00 EET" skipped="0">
  <testcase classname="Tests.Profiletest" name="CheckOrderhistory" time="11.434"/>
  <system-out/>
</testsuite> <!-- Tests.Profiletest -->
