<?xml version="1.0" encoding="UTF-8"?>
<!-- Generated by org.testng.reporters.JUnitReportReporter -->
<testsuite hostname="Ahmednaser-pc" failures="0" tests="1" name="Tests.Signintest" time="8.714" errors="0" timestamp="2022-08-26T04:18:32 EET" skipped="0">
  <testcase classname="Tests.Signintest" name="ClickonSignin" time="8.714"/>
  <system-out/>
</testsuite> <!-- Tests.Signintest -->
