<?xml version="1.0" encoding="UTF-8"?>
<!-- Generated by org.testng.reporters.JUnitReportReporter -->
<testsuite hostname="Ahmednaser-pc" failures="0" tests="1" name="Tests.HomeTest" time="2.392" errors="0" timestamp="2022-08-26T04:15:18 EET" skipped="0">
  <testcase classname="Tests.HomeTest" name="ClickonSignin" time="2.392"/>
  <system-out/>
</testsuite> <!-- Tests.HomeTest -->
