<?xml version="1.0" encoding="UTF-8"?>
<!-- Generated by org.testng.reporters.JUnitReportReporter -->
<testsuite hostname="Ahmednaser-pc" failures="0" tests="1" name="Tests.Registrationtest" time="13.222" errors="0" timestamp="2022-08-26T04:17:20 EET" skipped="0">
  <testcase classname="Tests.Registrationtest" name="ClickonSignin" time="13.222"/>
  <system-out/>
</testsuite> <!-- Tests.Registrationtest -->
